{"C:\\Users\\ggonz\\Documents\\MyProjects\\BootcampGoStack\\Aulas\\go-barber\\app\\src\\components\\Button\\index.tsx": {"path":"C:\\Users\\ggonz\\Documents\\MyProjects\\BootcampGoStack\\Aulas\\go-barber\\app\\src\\components\\Button\\index.tsx","statementMap":{"0":{"start":{"line":9,"column":38},"end":{"line":13,"column":1}},"1":{"start":{"line":10,"column":2},"end":{"line":12,"column":14}}},"fnMap":{"0":{"name":"(anonymous_0)","decl":{"start":{"line":9,"column":38},"end":{"line":9,"column":39}},"loc":{"start":{"line":10,"column":2},"end":{"line":12,"column":14}},"line":10}},"branchMap":{},"s":{"0":1,"1":1},"f":{"0":1},"b":{},"_coverageSchema":"1a1c01bbd47fc00a2c39e90264f33305004495a9","hash":"b11d680b091cb8405e352f55e938fa51f8868e34"}
,"C:\\Users\\ggonz\\Documents\\MyProjects\\BootcampGoStack\\Aulas\\go-barber\\app\\src\\components\\Input\\index.tsx": {"path":"C:\\Users\\ggonz\\Documents\\MyProjects\\BootcampGoStack\\Aulas\\go-barber\\app\\src\\components\\Input\\index.tsx","statementMap":{"0":{"start":{"line":32,"column":66},"end":{"line":97,"column":1}},"1":{"start":{"line":36,"column":26},"end":{"line":36,"column":55}},"2":{"start":{"line":38,"column":65},"end":{"line":38,"column":79}},"3":{"start":{"line":39,"column":24},"end":{"line":39,"column":76}},"4":{"start":{"line":41,"column":36},"end":{"line":41,"column":51}},"5":{"start":{"line":42,"column":34},"end":{"line":42,"column":49}},"6":{"start":{"line":44,"column":27},"end":{"line":46,"column":8}},"7":{"start":{"line":45,"column":4},"end":{"line":45,"column":23}},"8":{"start":{"line":48,"column":26},"end":{"line":51,"column":8}},"9":{"start":{"line":49,"column":4},"end":{"line":49,"column":24}},"10":{"start":{"line":50,"column":4},"end":{"line":50,"column":47}},"11":{"start":{"line":53,"column":2},"end":{"line":57,"column":6}},"12":{"start":{"line":53,"column":34},"end":{"line":57,"column":3}},"13":{"start":{"line":55,"column":6},"end":{"line":55,"column":38}},"14":{"start":{"line":59,"column":2},"end":{"line":73,"column":33}},"15":{"start":{"line":60,"column":4},"end":{"line":72,"column":7}},"16":{"start":{"line":65,"column":8},"end":{"line":65,"column":44}},"17":{"start":{"line":66,"column":8},"end":{"line":66,"column":64}},"18":{"start":{"line":69,"column":8},"end":{"line":69,"column":41}},"19":{"start":{"line":70,"column":8},"end":{"line":70,"column":41}},"20":{"start":{"line":75,"column":2},"end":{"line":96,"column":4}},"21":{"start":{"line":91,"column":10},"end":{"line":91,"column":46}}},"fnMap":{"0":{"name":"(anonymous_0)","decl":{"start":{"line":32,"column":66},"end":{"line":32,"column":67}},"loc":{"start":{"line":35,"column":5},"end":{"line":97,"column":1}},"line":35},"1":{"name":"(anonymous_1)","decl":{"start":{"line":44,"column":39},"end":{"line":44,"column":40}},"loc":{"start":{"line":44,"column":45},"end":{"line":46,"column":3}},"line":44},"2":{"name":"(anonymous_2)","decl":{"start":{"line":48,"column":38},"end":{"line":48,"column":39}},"loc":{"start":{"line":48,"column":44},"end":{"line":51,"column":3}},"line":48},"3":{"name":"(anonymous_3)","decl":{"start":{"line":53,"column":27},"end":{"line":53,"column":28}},"loc":{"start":{"line":53,"column":34},"end":{"line":57,"column":3}},"line":53},"4":{"name":"(anonymous_4)","decl":{"start":{"line":54,"column":4},"end":{"line":54,"column":5}},"loc":{"start":{"line":54,"column":12},"end":{"line":56,"column":5}},"line":54},"5":{"name":"(anonymous_5)","decl":{"start":{"line":59,"column":12},"end":{"line":59,"column":13}},"loc":{"start":{"line":59,"column":18},"end":{"line":73,"column":3}},"line":59},"6":{"name":"(anonymous_6)","decl":{"start":{"line":64,"column":6},"end":{"line":64,"column":7}},"loc":{"start":{"line":64,"column":22},"end":{"line":67,"column":7}},"line":64},"7":{"name":"(anonymous_7)","decl":{"start":{"line":68,"column":6},"end":{"line":68,"column":7}},"loc":{"start":{"line":68,"column":19},"end":{"line":71,"column":7}},"line":68},"8":{"name":"(anonymous_8)","decl":{"start":{"line":90,"column":22},"end":{"line":90,"column":23}},"loc":{"start":{"line":90,"column":31},"end":{"line":92,"column":9}},"line":90}},"branchMap":{"0":{"loc":{"start":{"line":33,"column":16},"end":{"line":33,"column":35}},"type":"default-arg","locations":[{"start":{"line":33,"column":33},"end":{"line":33,"column":35}}],"line":33},"1":{"loc":{"start":{"line":38,"column":25},"end":{"line":38,"column":42}},"type":"default-arg","locations":[{"start":{"line":38,"column":40},"end":{"line":38,"column":42}}],"line":38},"2":{"loc":{"start":{"line":80,"column":15},"end":{"line":80,"column":60}},"type":"cond-expr","locations":[{"start":{"line":80,"column":39},"end":{"line":80,"column":48}},{"start":{"line":80,"column":51},"end":{"line":80,"column":60}}],"line":80},"3":{"loc":{"start":{"line":80,"column":15},"end":{"line":80,"column":36}},"type":"binary-expr","locations":[{"start":{"line":80,"column":15},"end":{"line":80,"column":24}},{"start":{"line":80,"column":28},"end":{"line":80,"column":36}}],"line":80}},"s":{"0":1,"1":2,"2":2,"3":2,"4":2,"5":2,"6":2,"7":0,"8":2,"9":0,"10":0,"11":2,"12":1,"13":0,"14":2,"15":2,"16":0,"17":0,"18":0,"19":0,"20":2,"21":0},"f":{"0":2,"1":0,"2":0,"3":1,"4":0,"5":2,"6":0,"7":0,"8":0},"b":{"0":[2],"1":[2],"2":[0,2],"3":[2,2]},"_coverageSchema":"1a1c01bbd47fc00a2c39e90264f33305004495a9","hash":"7c47cb3045b8cacc483cfe47aa9495137be72bff"}
,"C:\\Users\\ggonz\\Documents\\MyProjects\\BootcampGoStack\\Aulas\\go-barber\\app\\src\\hooks\\auth.tsx": {"path":"C:\\Users\\ggonz\\Documents\\MyProjects\\BootcampGoStack\\Aulas\\go-barber\\app\\src\\hooks\\auth.tsx","statementMap":{"0":{"start":{"line":36,"column":20},"end":{"line":36,"column":73}},"1":{"start":{"line":38,"column":31},"end":{"line":104,"column":1}},"2":{"start":{"line":39,"column":26},"end":{"line":39,"column":62}},"3":{"start":{"line":40,"column":32},"end":{"line":40,"column":46}},"4":{"start":{"line":42,"column":2},"end":{"line":59,"column":5}},"5":{"start":{"line":44,"column":28},"end":{"line":47,"column":8}},"6":{"start":{"line":49,"column":6},"end":{"line":53,"column":7}},"7":{"start":{"line":50,"column":8},"end":{"line":50,"column":66}},"8":{"start":{"line":52,"column":8},"end":{"line":52,"column":64}},"9":{"start":{"line":55,"column":6},"end":{"line":55,"column":24}},"10":{"start":{"line":58,"column":4},"end":{"line":58,"column":23}},"11":{"start":{"line":61,"column":17},"end":{"line":77,"column":8}},"12":{"start":{"line":62,"column":21},"end":{"line":65,"column":6}},"13":{"start":{"line":67,"column":28},"end":{"line":67,"column":41}},"14":{"start":{"line":69,"column":4},"end":{"line":72,"column":7}},"15":{"start":{"line":74,"column":4},"end":{"line":74,"column":59}},"16":{"start":{"line":76,"column":4},"end":{"line":76,"column":29}},"17":{"start":{"line":79,"column":18},"end":{"line":83,"column":8}},"18":{"start":{"line":80,"column":4},"end":{"line":80,"column":74}},"19":{"start":{"line":82,"column":4},"end":{"line":82,"column":29}},"20":{"start":{"line":85,"column":21},"end":{"line":95,"column":3}},"21":{"start":{"line":87,"column":6},"end":{"line":87,"column":73}},"22":{"start":{"line":89,"column":6},"end":{"line":92,"column":9}},"23":{"start":{"line":97,"column":2},"end":{"line":103,"column":4}},"24":{"start":{"line":107,"column":18},"end":{"line":107,"column":41}},"25":{"start":{"line":109,"column":2},"end":{"line":111,"column":3}},"26":{"start":{"line":110,"column":4},"end":{"line":110,"column":67}},"27":{"start":{"line":113,"column":2},"end":{"line":113,"column":17}}},"fnMap":{"0":{"name":"(anonymous_0)","decl":{"start":{"line":38,"column":31},"end":{"line":38,"column":32}},"loc":{"start":{"line":38,"column":49},"end":{"line":104,"column":1}},"line":38},"1":{"name":"(anonymous_1)","decl":{"start":{"line":42,"column":12},"end":{"line":42,"column":13}},"loc":{"start":{"line":42,"column":18},"end":{"line":59,"column":3}},"line":42},"2":{"name":"loadStoragedData","decl":{"start":{"line":43,"column":19},"end":{"line":43,"column":35}},"loc":{"start":{"line":43,"column":53},"end":{"line":56,"column":5}},"line":43},"3":{"name":"(anonymous_3)","decl":{"start":{"line":61,"column":29},"end":{"line":61,"column":30}},"loc":{"start":{"line":61,"column":60},"end":{"line":77,"column":3}},"line":61},"4":{"name":"(anonymous_4)","decl":{"start":{"line":79,"column":30},"end":{"line":79,"column":31}},"loc":{"start":{"line":79,"column":42},"end":{"line":83,"column":3}},"line":79},"5":{"name":"(anonymous_5)","decl":{"start":{"line":86,"column":4},"end":{"line":86,"column":5}},"loc":{"start":{"line":86,"column":26},"end":{"line":93,"column":5}},"line":86},"6":{"name":"useAuth","decl":{"start":{"line":106,"column":9},"end":{"line":106,"column":16}},"loc":{"start":{"line":106,"column":36},"end":{"line":114,"column":1}},"line":106}},"branchMap":{"0":{"loc":{"start":{"line":49,"column":6},"end":{"line":53,"column":7}},"type":"if","locations":[{"start":{"line":49,"column":6},"end":{"line":53,"column":7}},{"start":{"line":49,"column":6},"end":{"line":53,"column":7}}],"line":49},"1":{"loc":{"start":{"line":49,"column":10},"end":{"line":49,"column":29}},"type":"binary-expr","locations":[{"start":{"line":49,"column":10},"end":{"line":49,"column":18}},{"start":{"line":49,"column":22},"end":{"line":49,"column":29}}],"line":49},"2":{"loc":{"start":{"line":109,"column":2},"end":{"line":111,"column":3}},"type":"if","locations":[{"start":{"line":109,"column":2},"end":{"line":111,"column":3}},{"start":{"line":109,"column":2},"end":{"line":111,"column":3}}],"line":109}},"s":{"0":1,"1":1,"2":0,"3":0,"4":0,"5":0,"6":0,"7":0,"8":0,"9":0,"10":0,"11":0,"12":0,"13":0,"14":0,"15":0,"16":0,"17":0,"18":0,"19":0,"20":0,"21":0,"22":0,"23":0,"24":1,"25":1,"26":0,"27":1},"f":{"0":0,"1":0,"2":0,"3":0,"4":0,"5":0,"6":1},"b":{"0":[0,0],"1":[0,0],"2":[0,1]},"_coverageSchema":"1a1c01bbd47fc00a2c39e90264f33305004495a9","hash":"e18e08421fcc8652579aa2b9d13116ead6562ff9"}
,"C:\\Users\\ggonz\\Documents\\MyProjects\\BootcampGoStack\\Aulas\\go-barber\\app\\src\\pages\\AppointmentCreated\\index.tsx": {"path":"C:\\Users\\ggonz\\Documents\\MyProjects\\BootcampGoStack\\Aulas\\go-barber\\app\\src\\pages\\AppointmentCreated\\index.tsx","statementMap":{"0":{"start":{"line":19,"column":37},"end":{"line":51,"column":1}},"1":{"start":{"line":20,"column":20},"end":{"line":20,"column":35}},"2":{"start":{"line":21,"column":21},"end":{"line":21,"column":31}},"3":{"start":{"line":23,"column":22},"end":{"line":23,"column":43}},"4":{"start":{"line":25,"column":26},"end":{"line":30,"column":13}},"5":{"start":{"line":26,"column":4},"end":{"line":29,"column":7}},"6":{"start":{"line":32,"column":24},"end":{"line":38,"column":24}},"7":{"start":{"line":33,"column":4},"end":{"line":37,"column":6}},"8":{"start":{"line":39,"column":2},"end":{"line":50,"column":4}}},"fnMap":{"0":{"name":"(anonymous_0)","decl":{"start":{"line":19,"column":37},"end":{"line":19,"column":38}},"loc":{"start":{"line":19,"column":43},"end":{"line":51,"column":1}},"line":19},"1":{"name":"(anonymous_1)","decl":{"start":{"line":25,"column":38},"end":{"line":25,"column":39}},"loc":{"start":{"line":25,"column":44},"end":{"line":30,"column":3}},"line":25},"2":{"name":"(anonymous_2)","decl":{"start":{"line":32,"column":32},"end":{"line":32,"column":33}},"loc":{"start":{"line":32,"column":38},"end":{"line":38,"column":3}},"line":32}},"branchMap":{},"s":{"0":0,"1":0,"2":0,"3":0,"4":0,"5":0,"6":0,"7":0,"8":0},"f":{"0":0,"1":0,"2":0},"b":{}}
,"C:\\Users\\ggonz\\Documents\\MyProjects\\BootcampGoStack\\Aulas\\go-barber\\app\\src\\pages\\CreateAppointment\\index.tsx": {"path":"C:\\Users\\ggonz\\Documents\\MyProjects\\BootcampGoStack\\Aulas\\go-barber\\app\\src\\pages\\CreateAppointment\\index.tsx","statementMap":{"0":{"start":{"line":53,"column":36},"end":{"line":255,"column":1}},"1":{"start":{"line":54,"column":16},"end":{"line":54,"column":26}},"2":{"start":{"line":55,"column":19},"end":{"line":55,"column":28}},"3":{"start":{"line":56,"column":31},"end":{"line":56,"column":46}},"4":{"start":{"line":58,"column":22},"end":{"line":58,"column":49}},"5":{"start":{"line":60,"column":42},"end":{"line":60,"column":74}},"6":{"start":{"line":61,"column":46},"end":{"line":61,"column":61}},"7":{"start":{"line":62,"column":42},"end":{"line":62,"column":62}},"8":{"start":{"line":63,"column":42},"end":{"line":63,"column":53}},"9":{"start":{"line":64,"column":36},"end":{"line":64,"column":60}},"10":{"start":{"line":65,"column":50},"end":{"line":65,"column":82}},"11":{"start":{"line":67,"column":2},"end":{"line":71,"column":9}},"12":{"start":{"line":68,"column":4},"end":{"line":70,"column":7}},"13":{"start":{"line":69,"column":6},"end":{"line":69,"column":34}},"14":{"start":{"line":73,"column":2},"end":{"line":84,"column":39}},"15":{"start":{"line":74,"column":4},"end":{"line":83,"column":7}},"16":{"start":{"line":81,"column":6},"end":{"line":81,"column":37}},"17":{"start":{"line":82,"column":6},"end":{"line":82,"column":25}},"18":{"start":{"line":86,"column":23},"end":{"line":88,"column":14}},"19":{"start":{"line":87,"column":4},"end":{"line":87,"column":13}},"20":{"start":{"line":90,"column":31},"end":{"line":92,"column":8}},"21":{"start":{"line":91,"column":4},"end":{"line":91,"column":36}},"22":{"start":{"line":94,"column":33},"end":{"line":96,"column":8}},"23":{"start":{"line":95,"column":4},"end":{"line":95,"column":41}},"24":{"start":{"line":95,"column":33},"end":{"line":95,"column":39}},"25":{"start":{"line":98,"column":28},"end":{"line":106,"column":8}},"26":{"start":{"line":99,"column":4},"end":{"line":100,"column":31}},"27":{"start":{"line":100,"column":6},"end":{"line":100,"column":31}},"28":{"start":{"line":102,"column":4},"end":{"line":102,"column":22}},"29":{"start":{"line":104,"column":4},"end":{"line":105,"column":28}},"30":{"start":{"line":105,"column":6},"end":{"line":105,"column":28}},"31":{"start":{"line":108,"column":27},"end":{"line":110,"column":8}},"32":{"start":{"line":109,"column":4},"end":{"line":109,"column":26}},"33":{"start":{"line":112,"column":34},"end":{"line":133,"column":62}},"34":{"start":{"line":113,"column":4},"end":{"line":132,"column":5}},"35":{"start":{"line":114,"column":19},"end":{"line":114,"column":41}},"36":{"start":{"line":115,"column":6},"end":{"line":115,"column":34}},"37":{"start":{"line":116,"column":6},"end":{"line":116,"column":25}},"38":{"start":{"line":118,"column":21},"end":{"line":121,"column":8}},"39":{"start":{"line":123,"column":6},"end":{"line":123,"column":26}},"40":{"start":{"line":125,"column":6},"end":{"line":125,"column":63}},"41":{"start":{"line":127,"column":6},"end":{"line":127,"column":23}},"42":{"start":{"line":128,"column":6},"end":{"line":131,"column":8}},"43":{"start":{"line":135,"column":30},"end":{"line":143,"column":20}},"44":{"start":{"line":136,"column":4},"end":{"line":142,"column":10}},"45":{"start":{"line":137,"column":28},"end":{"line":137,"column":37}},"46":{"start":{"line":138,"column":37},"end":{"line":142,"column":7}},"47":{"start":{"line":145,"column":32},"end":{"line":153,"column":20}},"48":{"start":{"line":146,"column":4},"end":{"line":152,"column":10}},"49":{"start":{"line":147,"column":28},"end":{"line":147,"column":38}},"50":{"start":{"line":148,"column":37},"end":{"line":152,"column":7}},"51":{"start":{"line":155,"column":25},"end":{"line":165,"column":55}},"52":{"start":{"line":156,"column":4},"end":{"line":164,"column":6}},"53":{"start":{"line":167,"column":2},"end":{"line":254,"column":4}},"54":{"start":{"line":185,"column":40},"end":{"line":185,"column":51}},"55":{"start":{"line":187,"column":14},"end":{"line":195,"column":34}},"56":{"start":{"line":189,"column":31},"end":{"line":189,"column":64}},"57":{"start":{"line":219,"column":16},"end":{"line":226,"column":23}},"58":{"start":{"line":224,"column":33},"end":{"line":224,"column":55}},"59":{"start":{"line":236,"column":16},"end":{"line":243,"column":23}},"60":{"start":{"line":241,"column":33},"end":{"line":241,"column":55}},"61":{"start":{"line":249,"column":48},"end":{"line":249,"column":73}}},"fnMap":{"0":{"name":"(anonymous_0)","decl":{"start":{"line":53,"column":36},"end":{"line":53,"column":37}},"loc":{"start":{"line":53,"column":42},"end":{"line":255,"column":1}},"line":53},"1":{"name":"(anonymous_1)","decl":{"start":{"line":67,"column":12},"end":{"line":67,"column":13}},"loc":{"start":{"line":67,"column":18},"end":{"line":71,"column":3}},"line":67},"2":{"name":"(anonymous_2)","decl":{"start":{"line":68,"column":30},"end":{"line":68,"column":31}},"loc":{"start":{"line":68,"column":42},"end":{"line":70,"column":5}},"line":68},"3":{"name":"(anonymous_3)","decl":{"start":{"line":73,"column":12},"end":{"line":73,"column":13}},"loc":{"start":{"line":73,"column":18},"end":{"line":84,"column":3}},"line":73},"4":{"name":"(anonymous_4)","decl":{"start":{"line":80,"column":12},"end":{"line":80,"column":13}},"loc":{"start":{"line":80,"column":24},"end":{"line":83,"column":5}},"line":80},"5":{"name":"(anonymous_5)","decl":{"start":{"line":86,"column":35},"end":{"line":86,"column":36}},"loc":{"start":{"line":86,"column":41},"end":{"line":88,"column":3}},"line":86},"6":{"name":"(anonymous_6)","decl":{"start":{"line":90,"column":43},"end":{"line":90,"column":44}},"loc":{"start":{"line":90,"column":67},"end":{"line":92,"column":3}},"line":90},"7":{"name":"(anonymous_7)","decl":{"start":{"line":94,"column":45},"end":{"line":94,"column":46}},"loc":{"start":{"line":94,"column":51},"end":{"line":96,"column":3}},"line":94},"8":{"name":"(anonymous_8)","decl":{"start":{"line":95,"column":22},"end":{"line":95,"column":23}},"loc":{"start":{"line":95,"column":33},"end":{"line":95,"column":39}},"line":95},"9":{"name":"(anonymous_9)","decl":{"start":{"line":98,"column":40},"end":{"line":98,"column":41}},"loc":{"start":{"line":98,"column":76},"end":{"line":106,"column":3}},"line":98},"10":{"name":"(anonymous_10)","decl":{"start":{"line":108,"column":39},"end":{"line":108,"column":40}},"loc":{"start":{"line":108,"column":57},"end":{"line":110,"column":3}},"line":108},"11":{"name":"(anonymous_11)","decl":{"start":{"line":112,"column":46},"end":{"line":112,"column":47}},"loc":{"start":{"line":112,"column":58},"end":{"line":133,"column":3}},"line":112},"12":{"name":"(anonymous_12)","decl":{"start":{"line":135,"column":38},"end":{"line":135,"column":39}},"loc":{"start":{"line":135,"column":44},"end":{"line":143,"column":3}},"line":135},"13":{"name":"(anonymous_13)","decl":{"start":{"line":137,"column":14},"end":{"line":137,"column":15}},"loc":{"start":{"line":137,"column":28},"end":{"line":137,"column":37}},"line":137},"14":{"name":"(anonymous_14)","decl":{"start":{"line":138,"column":11},"end":{"line":138,"column":12}},"loc":{"start":{"line":138,"column":37},"end":{"line":142,"column":7}},"line":138},"15":{"name":"(anonymous_15)","decl":{"start":{"line":145,"column":40},"end":{"line":145,"column":41}},"loc":{"start":{"line":145,"column":46},"end":{"line":153,"column":3}},"line":145},"16":{"name":"(anonymous_16)","decl":{"start":{"line":147,"column":14},"end":{"line":147,"column":15}},"loc":{"start":{"line":147,"column":28},"end":{"line":147,"column":38}},"line":147},"17":{"name":"(anonymous_17)","decl":{"start":{"line":148,"column":11},"end":{"line":148,"column":12}},"loc":{"start":{"line":148,"column":37},"end":{"line":152,"column":7}},"line":148},"18":{"name":"(anonymous_18)","decl":{"start":{"line":155,"column":33},"end":{"line":155,"column":34}},"loc":{"start":{"line":155,"column":39},"end":{"line":165,"column":3}},"line":155},"19":{"name":"(anonymous_19)","decl":{"start":{"line":185,"column":26},"end":{"line":185,"column":27}},"loc":{"start":{"line":185,"column":40},"end":{"line":185,"column":51}},"line":185},"20":{"name":"(anonymous_20)","decl":{"start":{"line":186,"column":24},"end":{"line":186,"column":25}},"loc":{"start":{"line":187,"column":14},"end":{"line":195,"column":34}},"line":187},"21":{"name":"(anonymous_21)","decl":{"start":{"line":189,"column":25},"end":{"line":189,"column":26}},"loc":{"start":{"line":189,"column":31},"end":{"line":189,"column":64}},"line":189},"22":{"name":"(anonymous_22)","decl":{"start":{"line":218,"column":39},"end":{"line":218,"column":40}},"loc":{"start":{"line":219,"column":16},"end":{"line":226,"column":23}},"line":219},"23":{"name":"(anonymous_23)","decl":{"start":{"line":224,"column":27},"end":{"line":224,"column":28}},"loc":{"start":{"line":224,"column":33},"end":{"line":224,"column":55}},"line":224},"24":{"name":"(anonymous_24)","decl":{"start":{"line":235,"column":41},"end":{"line":235,"column":42}},"loc":{"start":{"line":236,"column":16},"end":{"line":243,"column":23}},"line":236},"25":{"name":"(anonymous_25)","decl":{"start":{"line":241,"column":27},"end":{"line":241,"column":28}},"loc":{"start":{"line":241,"column":33},"end":{"line":241,"column":55}},"line":241},"26":{"name":"(anonymous_26)","decl":{"start":{"line":249,"column":42},"end":{"line":249,"column":43}},"loc":{"start":{"line":249,"column":48},"end":{"line":249,"column":73}},"line":249}},"branchMap":{"0":{"loc":{"start":{"line":99,"column":4},"end":{"line":100,"column":31}},"type":"if","locations":[{"start":{"line":99,"column":4},"end":{"line":100,"column":31}},{"start":{"line":99,"column":4},"end":{"line":100,"column":31}}],"line":99},"1":{"loc":{"start":{"line":104,"column":4},"end":{"line":105,"column":28}},"type":"if","locations":[{"start":{"line":104,"column":4},"end":{"line":105,"column":28}},{"start":{"line":104,"column":4},"end":{"line":105,"column":28}}],"line":104},"2":{"loc":{"start":{"line":157,"column":6},"end":{"line":163,"column":8}},"type":"binary-expr","locations":[{"start":{"line":157,"column":6},"end":{"line":157,"column":20}},{"start":{"line":157,"column":24},"end":{"line":163,"column":8}}],"line":157}},"s":{"0":0,"1":0,"2":0,"3":0,"4":0,"5":0,"6":0,"7":0,"8":0,"9":0,"10":0,"11":0,"12":0,"13":0,"14":0,"15":0,"16":0,"17":0,"18":0,"19":0,"20":0,"21":0,"22":0,"23":0,"24":0,"25":0,"26":0,"27":0,"28":0,"29":0,"30":0,"31":0,"32":0,"33":0,"34":0,"35":0,"36":0,"37":0,"38":0,"39":0,"40":0,"41":0,"42":0,"43":0,"44":0,"45":0,"46":0,"47":0,"48":0,"49":0,"50":0,"51":0,"52":0,"53":0,"54":0,"55":0,"56":0,"57":0,"58":0,"59":0,"60":0,"61":0},"f":{"0":0,"1":0,"2":0,"3":0,"4":0,"5":0,"6":0,"7":0,"8":0,"9":0,"10":0,"11":0,"12":0,"13":0,"14":0,"15":0,"16":0,"17":0,"18":0,"19":0,"20":0,"21":0,"22":0,"23":0,"24":0,"25":0,"26":0},"b":{"0":[0,0],"1":[0,0],"2":[0,0]}}
,"C:\\Users\\ggonz\\Documents\\MyProjects\\BootcampGoStack\\Aulas\\go-barber\\app\\src\\pages\\Dashboard\\index.tsx": {"path":"C:\\Users\\ggonz\\Documents\\MyProjects\\BootcampGoStack\\Aulas\\go-barber\\app\\src\\pages\\Dashboard\\index.tsx","statementMap":{"0":{"start":{"line":31,"column":28},"end":{"line":98,"column":1}},"1":{"start":{"line":32,"column":36},"end":{"line":32,"column":60}},"2":{"start":{"line":34,"column":28},"end":{"line":34,"column":37}},"3":{"start":{"line":35,"column":23},"end":{"line":35,"column":38}},"4":{"start":{"line":37,"column":2},"end":{"line":41,"column":9}},"5":{"start":{"line":38,"column":4},"end":{"line":40,"column":7}},"6":{"start":{"line":39,"column":6},"end":{"line":39,"column":34}},"7":{"start":{"line":43,"column":28},"end":{"line":45,"column":16}},"8":{"start":{"line":44,"column":4},"end":{"line":44,"column":24}},"9":{"start":{"line":47,"column":38},"end":{"line":52,"column":3}},"10":{"start":{"line":49,"column":6},"end":{"line":49,"column":52}},"11":{"start":{"line":54,"column":2},"end":{"line":97,"column":4}},"12":{"start":{"line":70,"column":34},"end":{"line":70,"column":45}},"13":{"start":{"line":75,"column":10},"end":{"line":93,"column":30}},"14":{"start":{"line":76,"column":27},"end":{"line":76,"column":67}}},"fnMap":{"0":{"name":"(anonymous_0)","decl":{"start":{"line":31,"column":28},"end":{"line":31,"column":29}},"loc":{"start":{"line":31,"column":34},"end":{"line":98,"column":1}},"line":31},"1":{"name":"(anonymous_1)","decl":{"start":{"line":37,"column":12},"end":{"line":37,"column":13}},"loc":{"start":{"line":37,"column":18},"end":{"line":41,"column":3}},"line":37},"2":{"name":"(anonymous_2)","decl":{"start":{"line":38,"column":30},"end":{"line":38,"column":31}},"loc":{"start":{"line":38,"column":42},"end":{"line":40,"column":5}},"line":38},"3":{"name":"(anonymous_3)","decl":{"start":{"line":43,"column":40},"end":{"line":43,"column":41}},"loc":{"start":{"line":43,"column":46},"end":{"line":45,"column":3}},"line":43},"4":{"name":"(anonymous_4)","decl":{"start":{"line":48,"column":4},"end":{"line":48,"column":5}},"loc":{"start":{"line":48,"column":28},"end":{"line":50,"column":5}},"line":48},"5":{"name":"(anonymous_5)","decl":{"start":{"line":70,"column":22},"end":{"line":70,"column":23}},"loc":{"start":{"line":70,"column":34},"end":{"line":70,"column":45}},"line":70},"6":{"name":"(anonymous_6)","decl":{"start":{"line":74,"column":20},"end":{"line":74,"column":21}},"loc":{"start":{"line":75,"column":10},"end":{"line":93,"column":30}},"line":75},"7":{"name":"(anonymous_7)","decl":{"start":{"line":76,"column":21},"end":{"line":76,"column":22}},"loc":{"start":{"line":76,"column":27},"end":{"line":76,"column":67}},"line":76}},"branchMap":{},"s":{"0":0,"1":0,"2":0,"3":0,"4":0,"5":0,"6":0,"7":0,"8":0,"9":0,"10":0,"11":0,"12":0,"13":0,"14":0},"f":{"0":0,"1":0,"2":0,"3":0,"4":0,"5":0,"6":0,"7":0},"b":{}}
,"C:\\Users\\ggonz\\Documents\\MyProjects\\BootcampGoStack\\Aulas\\go-barber\\app\\src\\pages\\Profile\\index.tsx": {"path":"C:\\Users\\ggonz\\Documents\\MyProjects\\BootcampGoStack\\Aulas\\go-barber\\app\\src\\pages\\Profile\\index.tsx","statementMap":{"0":{"start":{"line":40,"column":26},"end":{"line":240,"column":1}},"1":{"start":{"line":41,"column":31},"end":{"line":41,"column":40}},"2":{"start":{"line":43,"column":21},"end":{"line":43,"column":36}},"3":{"start":{"line":44,"column":18},"end":{"line":44,"column":43}},"4":{"start":{"line":46,"column":24},"end":{"line":46,"column":47}},"5":{"start":{"line":47,"column":27},"end":{"line":47,"column":50}},"6":{"start":{"line":48,"column":30},"end":{"line":48,"column":53}},"7":{"start":{"line":49,"column":34},"end":{"line":49,"column":57}},"8":{"start":{"line":51,"column":24},"end":{"line":119,"column":3}},"9":{"start":{"line":53,"column":6},"end":{"line":116,"column":7}},"10":{"start":{"line":54,"column":23},"end":{"line":72,"column":10}},"11":{"start":{"line":61,"column":23},"end":{"line":61,"column":35}},"12":{"start":{"line":67,"column":25},"end":{"line":67,"column":37}},"13":{"start":{"line":74,"column":8},"end":{"line":76,"column":11}},"14":{"start":{"line":84,"column":12},"end":{"line":84,"column":16}},"15":{"start":{"line":86,"column":25},"end":{"line":96,"column":9}},"16":{"start":{"line":98,"column":25},"end":{"line":98,"column":60}},"17":{"start":{"line":100,"column":8},"end":{"line":100,"column":34}},"18":{"start":{"line":102,"column":8},"end":{"line":102,"column":54}},"19":{"start":{"line":104,"column":8},"end":{"line":104,"column":28}},"20":{"start":{"line":106,"column":8},"end":{"line":110,"column":9}},"21":{"start":{"line":107,"column":25},"end":{"line":107,"column":49}},"22":{"start":{"line":108,"column":10},"end":{"line":108,"column":45}},"23":{"start":{"line":109,"column":10},"end":{"line":109,"column":17}},"24":{"start":{"line":112,"column":8},"end":{"line":115,"column":10}},"25":{"start":{"line":121,"column":29},"end":{"line":150,"column":27}},"26":{"start":{"line":122,"column":4},"end":{"line":149,"column":6}},"27":{"start":{"line":130,"column":8},"end":{"line":132,"column":9}},"28":{"start":{"line":131,"column":10},"end":{"line":131,"column":17}},"29":{"start":{"line":133,"column":8},"end":{"line":136,"column":9}},"30":{"start":{"line":134,"column":10},"end":{"line":134,"column":55}},"31":{"start":{"line":135,"column":10},"end":{"line":135,"column":17}},"32":{"start":{"line":138,"column":21},"end":{"line":138,"column":35}},"33":{"start":{"line":139,"column":8},"end":{"line":143,"column":11}},"34":{"start":{"line":145,"column":8},"end":{"line":147,"column":11}},"35":{"start":{"line":146,"column":10},"end":{"line":146,"column":39}},"36":{"start":{"line":152,"column":23},"end":{"line":154,"column":18}},"37":{"start":{"line":153,"column":4},"end":{"line":153,"column":24}},"38":{"start":{"line":156,"column":2},"end":{"line":239,"column":4}},"39":{"start":{"line":171,"column":45},"end":{"line":171,"column":65}},"40":{"start":{"line":186,"column":39},"end":{"line":186,"column":69}},"41":{"start":{"line":198,"column":39},"end":{"line":198,"column":75}},"42":{"start":{"line":209,"column":39},"end":{"line":209,"column":72}},"43":{"start":{"line":219,"column":39},"end":{"line":219,"column":79}},"44":{"start":{"line":229,"column":39},"end":{"line":229,"column":68}},"45":{"start":{"line":231,"column":37},"end":{"line":231,"column":66}}},"fnMap":{"0":{"name":"(anonymous_0)","decl":{"start":{"line":40,"column":26},"end":{"line":40,"column":27}},"loc":{"start":{"line":40,"column":32},"end":{"line":240,"column":1}},"line":40},"1":{"name":"(anonymous_1)","decl":{"start":{"line":52,"column":4},"end":{"line":52,"column":5}},"loc":{"start":{"line":52,"column":37},"end":{"line":117,"column":5}},"line":52},"2":{"name":"(anonymous_2)","decl":{"start":{"line":61,"column":16},"end":{"line":61,"column":17}},"loc":{"start":{"line":61,"column":23},"end":{"line":61,"column":35}},"line":61},"3":{"name":"(anonymous_3)","decl":{"start":{"line":67,"column":18},"end":{"line":67,"column":19}},"loc":{"start":{"line":67,"column":25},"end":{"line":67,"column":37}},"line":67},"4":{"name":"(anonymous_4)","decl":{"start":{"line":121,"column":41},"end":{"line":121,"column":42}},"loc":{"start":{"line":121,"column":47},"end":{"line":150,"column":3}},"line":121},"5":{"name":"(anonymous_5)","decl":{"start":{"line":129,"column":6},"end":{"line":129,"column":7}},"loc":{"start":{"line":129,"column":18},"end":{"line":148,"column":7}},"line":129},"6":{"name":"(anonymous_6)","decl":{"start":{"line":145,"column":45},"end":{"line":145,"column":46}},"loc":{"start":{"line":145,"column":60},"end":{"line":147,"column":9}},"line":145},"7":{"name":"(anonymous_7)","decl":{"start":{"line":152,"column":35},"end":{"line":152,"column":36}},"loc":{"start":{"line":152,"column":41},"end":{"line":154,"column":3}},"line":152},"8":{"name":"(anonymous_8)","decl":{"start":{"line":171,"column":39},"end":{"line":171,"column":40}},"loc":{"start":{"line":171,"column":45},"end":{"line":171,"column":65}},"line":171},"9":{"name":"(anonymous_9)","decl":{"start":{"line":186,"column":33},"end":{"line":186,"column":34}},"loc":{"start":{"line":186,"column":39},"end":{"line":186,"column":69}},"line":186},"10":{"name":"(anonymous_10)","decl":{"start":{"line":198,"column":33},"end":{"line":198,"column":34}},"loc":{"start":{"line":198,"column":39},"end":{"line":198,"column":75}},"line":198},"11":{"name":"(anonymous_11)","decl":{"start":{"line":209,"column":33},"end":{"line":209,"column":34}},"loc":{"start":{"line":209,"column":39},"end":{"line":209,"column":72}},"line":209},"12":{"name":"(anonymous_12)","decl":{"start":{"line":219,"column":33},"end":{"line":219,"column":34}},"loc":{"start":{"line":219,"column":39},"end":{"line":219,"column":79}},"line":219},"13":{"name":"(anonymous_13)","decl":{"start":{"line":229,"column":33},"end":{"line":229,"column":34}},"loc":{"start":{"line":229,"column":39},"end":{"line":229,"column":68}},"line":229},"14":{"name":"(anonymous_14)","decl":{"start":{"line":231,"column":31},"end":{"line":231,"column":32}},"loc":{"start":{"line":231,"column":37},"end":{"line":231,"column":66}},"line":231}},"branchMap":{"0":{"loc":{"start":{"line":89,"column":14},"end":{"line":95,"column":16}},"type":"cond-expr","locations":[{"start":{"line":90,"column":14},"end":{"line":94,"column":13}},{"start":{"line":95,"column":14},"end":{"line":95,"column":16}}],"line":89},"1":{"loc":{"start":{"line":106,"column":8},"end":{"line":110,"column":9}},"type":"if","locations":[{"start":{"line":106,"column":8},"end":{"line":110,"column":9}},{"start":{"line":106,"column":8},"end":{"line":110,"column":9}}],"line":106},"2":{"loc":{"start":{"line":130,"column":8},"end":{"line":132,"column":9}},"type":"if","locations":[{"start":{"line":130,"column":8},"end":{"line":132,"column":9}},{"start":{"line":130,"column":8},"end":{"line":132,"column":9}}],"line":130},"3":{"loc":{"start":{"line":133,"column":8},"end":{"line":136,"column":9}},"type":"if","locations":[{"start":{"line":133,"column":8},"end":{"line":136,"column":9}},{"start":{"line":133,"column":8},"end":{"line":136,"column":9}}],"line":133},"4":{"loc":{"start":{"line":160,"column":18},"end":{"line":160,"column":63}},"type":"cond-expr","locations":[{"start":{"line":160,"column":42},"end":{"line":160,"column":51}},{"start":{"line":160,"column":54},"end":{"line":160,"column":63}}],"line":160}},"s":{"0":0,"1":0,"2":0,"3":0,"4":0,"5":0,"6":0,"7":0,"8":0,"9":0,"10":0,"11":0,"12":0,"13":0,"14":0,"15":0,"16":0,"17":0,"18":0,"19":0,"20":0,"21":0,"22":0,"23":0,"24":0,"25":0,"26":0,"27":0,"28":0,"29":0,"30":0,"31":0,"32":0,"33":0,"34":0,"35":0,"36":0,"37":0,"38":0,"39":0,"40":0,"41":0,"42":0,"43":0,"44":0,"45":0},"f":{"0":0,"1":0,"2":0,"3":0,"4":0,"5":0,"6":0,"7":0,"8":0,"9":0,"10":0,"11":0,"12":0,"13":0,"14":0},"b":{"0":[0,0],"1":[0,0],"2":[0,0],"3":[0,0],"4":[0,0]}}
,"C:\\Users\\ggonz\\Documents\\MyProjects\\BootcampGoStack\\Aulas\\go-barber\\app\\src\\pages\\SignIn\\index.tsx": {"path":"C:\\Users\\ggonz\\Documents\\MyProjects\\BootcampGoStack\\Aulas\\go-barber\\app\\src\\pages\\SignIn\\index.tsx","statementMap":{"0":{"start":{"line":39,"column":25},"end":{"line":146,"column":1}},"1":{"start":{"line":40,"column":21},"end":{"line":40,"column":36}},"2":{"start":{"line":41,"column":18},"end":{"line":41,"column":43}},"3":{"start":{"line":42,"column":27},"end":{"line":42,"column":50}},"4":{"start":{"line":44,"column":27},"end":{"line":44,"column":36}},"5":{"start":{"line":45,"column":2},"end":{"line":45,"column":20}},"6":{"start":{"line":47,"column":23},"end":{"line":81,"column":3}},"7":{"start":{"line":49,"column":6},"end":{"line":49,"column":37}},"8":{"start":{"line":51,"column":6},"end":{"line":78,"column":7}},"9":{"start":{"line":52,"column":23},"end":{"line":57,"column":10}},"10":{"start":{"line":59,"column":8},"end":{"line":61,"column":11}},"11":{"start":{"line":63,"column":8},"end":{"line":66,"column":11}},"12":{"start":{"line":68,"column":8},"end":{"line":72,"column":9}},"13":{"start":{"line":69,"column":25},"end":{"line":69,"column":49}},"14":{"start":{"line":70,"column":10},"end":{"line":70,"column":45}},"15":{"start":{"line":71,"column":10},"end":{"line":71,"column":17}},"16":{"start":{"line":74,"column":8},"end":{"line":77,"column":10}},"17":{"start":{"line":83,"column":2},"end":{"line":145,"column":4}},"18":{"start":{"line":111,"column":18},"end":{"line":111,"column":52}},"19":{"start":{"line":122,"column":18},"end":{"line":122,"column":48}},"20":{"start":{"line":127,"column":18},"end":{"line":127,"column":48}},"21":{"start":{"line":138,"column":46},"end":{"line":138,"column":75}}},"fnMap":{"0":{"name":"(anonymous_0)","decl":{"start":{"line":39,"column":25},"end":{"line":39,"column":26}},"loc":{"start":{"line":39,"column":31},"end":{"line":146,"column":1}},"line":39},"1":{"name":"(anonymous_1)","decl":{"start":{"line":48,"column":4},"end":{"line":48,"column":5}},"loc":{"start":{"line":48,"column":36},"end":{"line":79,"column":5}},"line":48},"2":{"name":"(anonymous_2)","decl":{"start":{"line":110,"column":33},"end":{"line":110,"column":34}},"loc":{"start":{"line":110,"column":39},"end":{"line":112,"column":17}},"line":110},"3":{"name":"(anonymous_3)","decl":{"start":{"line":121,"column":33},"end":{"line":121,"column":34}},"loc":{"start":{"line":121,"column":39},"end":{"line":123,"column":17}},"line":121},"4":{"name":"(anonymous_4)","decl":{"start":{"line":126,"column":25},"end":{"line":126,"column":26}},"loc":{"start":{"line":126,"column":31},"end":{"line":128,"column":17}},"line":126},"5":{"name":"(anonymous_5)","decl":{"start":{"line":134,"column":37},"end":{"line":134,"column":38}},"loc":{"start":{"line":134,"column":43},"end":{"line":134,"column":46}},"line":134},"6":{"name":"(anonymous_6)","decl":{"start":{"line":138,"column":40},"end":{"line":138,"column":41}},"loc":{"start":{"line":138,"column":46},"end":{"line":138,"column":75}},"line":138}},"branchMap":{"0":{"loc":{"start":{"line":68,"column":8},"end":{"line":72,"column":9}},"type":"if","locations":[{"start":{"line":68,"column":8},"end":{"line":72,"column":9}},{"start":{"line":68,"column":8},"end":{"line":72,"column":9}}],"line":68},"1":{"loc":{"start":{"line":87,"column":18},"end":{"line":87,"column":62}},"type":"cond-expr","locations":[{"start":{"line":87,"column":41},"end":{"line":87,"column":50}},{"start":{"line":87,"column":53},"end":{"line":87,"column":62}}],"line":87}},"s":{"0":1,"1":1,"2":1,"3":1,"4":1,"5":1,"6":1,"7":0,"8":0,"9":0,"10":0,"11":0,"12":0,"13":0,"14":0,"15":0,"16":0,"17":1,"18":0,"19":0,"20":0,"21":0},"f":{"0":1,"1":0,"2":0,"3":0,"4":0,"5":0,"6":0},"b":{"0":[0,0],"1":[1,0]},"_coverageSchema":"1a1c01bbd47fc00a2c39e90264f33305004495a9","hash":"d3cac812f243c780519537e78b225dc242b7f59d"}
,"C:\\Users\\ggonz\\Documents\\MyProjects\\BootcampGoStack\\Aulas\\go-barber\\app\\src\\pages\\SignUp\\index.tsx": {"path":"C:\\Users\\ggonz\\Documents\\MyProjects\\BootcampGoStack\\Aulas\\go-barber\\app\\src\\pages\\SignUp\\index.tsx","statementMap":{"0":{"start":{"line":32,"column":25},"end":{"line":142,"column":1}},"1":{"start":{"line":33,"column":21},"end":{"line":33,"column":36}},"2":{"start":{"line":34,"column":18},"end":{"line":34,"column":43}},"3":{"start":{"line":36,"column":24},"end":{"line":36,"column":47}},"4":{"start":{"line":37,"column":27},"end":{"line":37,"column":50}},"5":{"start":{"line":39,"column":23},"end":{"line":76,"column":3}},"6":{"start":{"line":41,"column":6},"end":{"line":73,"column":7}},"7":{"start":{"line":42,"column":23},"end":{"line":48,"column":10}},"8":{"start":{"line":50,"column":8},"end":{"line":52,"column":11}},"9":{"start":{"line":54,"column":8},"end":{"line":54,"column":39}},"10":{"start":{"line":56,"column":8},"end":{"line":59,"column":10}},"11":{"start":{"line":61,"column":8},"end":{"line":61,"column":28}},"12":{"start":{"line":63,"column":8},"end":{"line":67,"column":9}},"13":{"start":{"line":64,"column":25},"end":{"line":64,"column":49}},"14":{"start":{"line":65,"column":10},"end":{"line":65,"column":45}},"15":{"start":{"line":66,"column":10},"end":{"line":66,"column":17}},"16":{"start":{"line":69,"column":8},"end":{"line":72,"column":10}},"17":{"start":{"line":78,"column":2},"end":{"line":141,"column":4}},"18":{"start":{"line":103,"column":39},"end":{"line":103,"column":69}},"19":{"start":{"line":115,"column":39},"end":{"line":115,"column":72}},"20":{"start":{"line":126,"column":18},"end":{"line":126,"column":48}},"21":{"start":{"line":129,"column":37},"end":{"line":129,"column":66}},"22":{"start":{"line":134,"column":39},"end":{"line":134,"column":58}}},"fnMap":{"0":{"name":"(anonymous_0)","decl":{"start":{"line":32,"column":25},"end":{"line":32,"column":26}},"loc":{"start":{"line":32,"column":31},"end":{"line":142,"column":1}},"line":32},"1":{"name":"(anonymous_1)","decl":{"start":{"line":40,"column":4},"end":{"line":40,"column":5}},"loc":{"start":{"line":40,"column":36},"end":{"line":74,"column":5}},"line":40},"2":{"name":"(anonymous_2)","decl":{"start":{"line":103,"column":33},"end":{"line":103,"column":34}},"loc":{"start":{"line":103,"column":39},"end":{"line":103,"column":69}},"line":103},"3":{"name":"(anonymous_3)","decl":{"start":{"line":115,"column":33},"end":{"line":115,"column":34}},"loc":{"start":{"line":115,"column":39},"end":{"line":115,"column":72}},"line":115},"4":{"name":"(anonymous_4)","decl":{"start":{"line":125,"column":33},"end":{"line":125,"column":34}},"loc":{"start":{"line":125,"column":39},"end":{"line":127,"column":17}},"line":125},"5":{"name":"(anonymous_5)","decl":{"start":{"line":129,"column":31},"end":{"line":129,"column":32}},"loc":{"start":{"line":129,"column":37},"end":{"line":129,"column":66}},"line":129},"6":{"name":"(anonymous_6)","decl":{"start":{"line":134,"column":33},"end":{"line":134,"column":34}},"loc":{"start":{"line":134,"column":39},"end":{"line":134,"column":58}},"line":134}},"branchMap":{"0":{"loc":{"start":{"line":63,"column":8},"end":{"line":67,"column":9}},"type":"if","locations":[{"start":{"line":63,"column":8},"end":{"line":67,"column":9}},{"start":{"line":63,"column":8},"end":{"line":67,"column":9}}],"line":63},"1":{"loc":{"start":{"line":82,"column":18},"end":{"line":82,"column":62}},"type":"cond-expr","locations":[{"start":{"line":82,"column":41},"end":{"line":82,"column":50}},{"start":{"line":82,"column":53},"end":{"line":82,"column":62}}],"line":82}},"s":{"0":0,"1":0,"2":0,"3":0,"4":0,"5":0,"6":0,"7":0,"8":0,"9":0,"10":0,"11":0,"12":0,"13":0,"14":0,"15":0,"16":0,"17":0,"18":0,"19":0,"20":0,"21":0,"22":0},"f":{"0":0,"1":0,"2":0,"3":0,"4":0,"5":0,"6":0},"b":{"0":[0,0],"1":[0,0]}}
}
